Start testing: May 08 23:47 MSK
----------------------------------------------------------
1/1 Testing: check
1/1 Test: check
Command: "/home/vboxuser/qNetayS/lab07/_build/check"
Directory: /home/vboxuser/qNetayS/lab07/_build
"check" start time: May 08 23:47 MSK
Output:
----------------------------------------------------------
Running main() from /home/vboxuser/qNetayS/lab07/third-party/gtest/googletest/src/gtest_main.cc
[==========] Running 4 tests from 2 test suites.
[----------] Global test environment set-up.
[----------] 3 tests from AccountTest
[ RUN      ] AccountTest.ConstructorInitializesBalance
[       OK ] AccountTest.ConstructorInitializesBalance (0 ms)
[ RUN      ] AccountTest.DepositIncreasesBalance
[       OK ] AccountTest.DepositIncreasesBalance (0 ms)
[ RUN      ] AccountTest.WithdrawDecreasesBalance
[       OK ] AccountTest.WithdrawDecreasesBalance (0 ms)
[----------] 3 tests from AccountTest (0 ms total)

[----------] 1 test from TransactionTest
[ RUN      ] TransactionTest.ExecuteTransfersMoney
[       OK ] TransactionTest.ExecuteTransfersMoney (0 ms)
[----------] 1 test from TransactionTest (0 ms total)

[----------] Global test environment tear-down
[==========] 4 tests from 2 test suites ran. (2 ms total)
[  PASSED  ] 4 tests.
<end of output>
Test time =   0.01 sec
----------------------------------------------------------
Test Passed.
"check" end time: May 08 23:47 MSK
"check" time elapsed: 00:00:00
----------------------------------------------------------

End testing: May 08 23:47 MSK
